
Importing CSV files into Elasticsearch Index: 'Bible'

kjv-genesis.csv
kjv-exodus.csv
kjv-leviticus.csv
kjv-numbers.csv
kjv-deuteronomy.csv
kjv-joshua.csv
kjv-judges.csv
kjv-ruth.csv
kjv-1samuel.csv
kjv-2samuel.csv
kjv-1kings.csv
kjv-2kings.csv
kjv-1chronicles.csv
kjv-2chronicles.csv
kjv-ezra.csv
kjv-nehemia.csv
kjv-esther.csv
kjv-job.csv
kjv-psalms.csv
kjv-proverbs.csv
kjv-ecclesiastes.csv
kjv-songofsolomon.csv
kjv-isaiah.csv
kjv-jeremiah.csv
kjv-lamentations.csv
kjv-ezekiel.csv
kjv-daniel.csv
kjv-hosea.csv
kjv-joel.csv
kjv-amos.csv
kjv-obadiah.csv
kjv-jonah.csv
kjv-micah.csv
kjv-nahum.csv
kjv-habakkuk.csv
kjv-zephaniah.csv
kjv-haggai.csv
kjv-zechariah.csv
kjv-malachi.csv
kjv-matthew.csv
kjv-mark.csv
kjv-luke.csv
kjv-john.csv
kjv-acts.csv
kjv-romans.csv
kjv-1corinthians.csv
kjv-2corinthians.csv
kjv-galatians.csv
kjv-ephesians.csv
kjv-philippians.csv
kjv-colossians.csv
kjv-1thessalonians.csv
kjv-2thessalonians.csv
kjv-1timothy.csv
kjv-2timothy.csv
kjv-titus.csv
kjv-philemon.csv
kjv-hebrews.csv
kjv-james.csv
kjv-1peter.csv
kjv-2peter.csv
kjv-1john.csv
kjv-2john.csv
kjv-3john.csv
kjv-jude.csv
kjv-revelation.csv

Refeshing Indexes...

Import Completed.
